elbread.dll ver. 1.0.5.365 Tue Jun 01 19:21:57 2021


--------------------------------------------
Entity              | Architecture | Library
--------------------------------------------
aparat              | arh_str      | Resurse
devider             | arh_cmp      | resurse
uc                  | str_comp     | resurse
ceas                | arh_str      | resurse
bistabil_d          | arh_cmp      | resurse
alarma              | arh_str      | resurse
modul_comparare     | arh_str      | resurse
modul_conversie     | arh_str      | resurse
modul_afisare       | arh_str      | resurse
num_mod10           | arh_comp     | resurse
num_mod6            | arh_comp     | resurse
num_mod24           | arh_comp     | resurse
comp_4b             | arh_comp     | resurse
decodificator_7seg  | arh_comp     | resurse
--------------------------------------------

-----------------------------
Package             | Library
-----------------------------
standard            | std
std_logic_1164      | ieee
std_logic_arith     | ieee
std_logic_unsigned  | ieee
-----------------------------
